0 info it worked if it ends with ok
1 verbose cli [ '/usr/local/bin/node',
1 verbose cli   '/usr/local/bin/npm',
1 verbose cli   'run',
1 verbose cli   'build-sample' ]
2 info using npm@3.6.0
3 info using node@v5.6.0
4 verbose run-script [ 'prebuild-sample', 'build-sample', 'postbuild-sample' ]
5 info lifecycle small-data-store@1.0.0~prebuild-sample: small-data-store@1.0.0
6 silly lifecycle small-data-store@1.0.0~prebuild-sample: no script for prebuild-sample, continuing
7 info lifecycle small-data-store@1.0.0~build-sample: small-data-store@1.0.0
8 verbose lifecycle small-data-store@1.0.0~build-sample: unsafe-perm in lifecycle true
9 verbose lifecycle small-data-store@1.0.0~build-sample: PATH: /usr/local/lib/node_modules/npm/bin/node-gyp-bin:/Users/willsonsmith/Documents/web/basicStore/node_modules/.bin:/usr/local/bin:/usr/local/sbin:/Users/willsonsmith/.rbenv/shims:/Users/willsonsmith/.rbenv/bin:/usr/local/bin:/usr/bin:/bin:/usr/sbin:/sbin:/usr/local/MacGPG2/bin
10 verbose lifecycle small-data-store@1.0.0~build-sample: CWD: /Users/willsonsmith/Documents/web/basicStore
11 silly lifecycle small-data-store@1.0.0~build-sample: Args: [ '-c',
11 silly lifecycle   'babel ./sample/sample.js --source-maps --watch --out-file ./build/sample/sample.js' ]
12 silly lifecycle small-data-store@1.0.0~build-sample: Returned: code: 1  signal: null
13 info lifecycle small-data-store@1.0.0~build-sample: Failed to exec build-sample script
14 verbose stack Error: small-data-store@1.0.0 build-sample: `babel ./sample/sample.js --source-maps --watch --out-file ./build/sample/sample.js`
14 verbose stack Exit status 1
14 verbose stack     at EventEmitter.<anonymous> (/usr/local/lib/node_modules/npm/lib/utils/lifecycle.js:232:16)
14 verbose stack     at emitTwo (events.js:100:13)
14 verbose stack     at EventEmitter.emit (events.js:185:7)
14 verbose stack     at ChildProcess.<anonymous> (/usr/local/lib/node_modules/npm/lib/utils/spawn.js:24:14)
14 verbose stack     at emitTwo (events.js:100:13)
14 verbose stack     at ChildProcess.emit (events.js:185:7)
14 verbose stack     at maybeClose (internal/child_process.js:827:16)
14 verbose stack     at Process.ChildProcess._handle.onexit (internal/child_process.js:211:5)
15 verbose pkgid small-data-store@1.0.0
16 verbose cwd /Users/willsonsmith/Documents/web/basicStore
17 error Darwin 15.2.0
18 error argv "/usr/local/bin/node" "/usr/local/bin/npm" "run" "build-sample"
19 error node v5.6.0
20 error npm  v3.6.0
21 error code ELIFECYCLE
22 error small-data-store@1.0.0 build-sample: `babel ./sample/sample.js --source-maps --watch --out-file ./build/sample/sample.js`
22 error Exit status 1
23 error Failed at the small-data-store@1.0.0 build-sample script 'babel ./sample/sample.js --source-maps --watch --out-file ./build/sample/sample.js'.
23 error Make sure you have the latest version of node.js and npm installed.
23 error If you do, this is most likely a problem with the small-data-store package,
23 error not with npm itself.
23 error Tell the author that this fails on your system:
23 error     babel ./sample/sample.js --source-maps --watch --out-file ./build/sample/sample.js
23 error You can get information on how to open an issue for this project with:
23 error     npm bugs small-data-store
23 error Or if that isn't available, you can get their info via:
23 error     npm owner ls small-data-store
23 error There is likely additional logging output above.
24 verbose exit [ 1, true ]
